<?xml version="1.0" encoding="UTF-8"?>
<testsuite xmlns:xsi="http://www.w3.org/2001/XMLSchema-instance" xsi:noNamespaceSchemaLocation="https://maven.apache.org/surefire/maven-surefire-plugin/xsd/surefire-test-report-3.0.xsd" version="3.0" name="de.uni_bayreuth.se.demo.CoffeeControllerTest" time="2.639" tests="3" errors="0" skipped="0" failures="0">
  <properties>
[...]
</properties>
  <testcase name="shouldReturnAccessibleCoffees" classname="de.uni_bayreuth.se.demo.CoffeeControllerTest" time="0.707">
    <system-out><![CDATA[15:17:20.162 [main] INFO org.springframework.test.context.support.AnnotationConfigContextLoaderUtils -- Could not detect default configuration classes for test class [de.uni_bayreuth.se.demo.CoffeeControllerTest]: CoffeeControllerTest does not declare any static, non-private, non-final, nested classes annotated with @Configuration.
15:17:20.295 [main] INFO org.springframework.boot.test.context.SpringBootTestContextBootstrapper -- Found @SpringBootConfiguration de.uni_bayreuth.se.demo.DemoApplication for test class de.uni_bayreuth.se.demo.CoffeeControllerTest
  .   ____          _            __ _ _
 /\\ / ___'_ __ _ _(_)_ __  __ _ \ \ \ \
( ( )\___ | '_ | '_| | '_ \/ _` | \ \ \ \
 \\/  ___)| |_)| | | | | || (_| |  ) ) ) )
  '  |____| .__|_| |_|_| |_\__, | / / / /
 =========|_|==============|___/=/_/_/_/

 :: Spring Boot ::                (v3.3.0)

2026-06-11T15:17:20.721+02:00  INFO 5664 --- [spring-boot-architecture-demo] [           main] d.u.se.demo.CoffeeControllerTest         : Starting CoffeeControllerTest using Java 25.0.3 with PID 5664 (started by chrib in C:\Users\chrib\Desktop\Bildung\Studium\4Sem\Software_Engineering\Projects\05\SE2026-Exercise-5)
2026-06-11T15:17:20.723+02:00  INFO 5664 --- [spring-boot-architecture-demo] [           main] d.u.se.demo.CoffeeControllerTest         : No active profile set, falling back to 1 default profile: "default"
2026-06-11T15:17:21.886+02:00  INFO 5664 --- [spring-boot-architecture-demo] [           main] o.s.b.t.m.w.SpringBootMockServletContext : Initializing Spring TestDispatcherServlet ''
2026-06-11T15:17:21.887+02:00  INFO 5664 --- [spring-boot-architecture-demo] [           main] o.s.t.web.servlet.TestDispatcherServlet  : Initializing Servlet ''
2026-06-11T15:17:21.888+02:00  INFO 5664 --- [spring-boot-architecture-demo] [           main] o.s.t.web.servlet.TestDispatcherServlet  : Completed initialization in 1 ms
2026-06-11T15:17:21.910+02:00  INFO 5664 --- [spring-boot-architecture-demo] [           main] d.u.se.demo.CoffeeControllerTest         : Started CoffeeControllerTest in 1.484 seconds (process running for 2.463)
]]></system-out>
    <system-err><![CDATA[WARNING: A Java agent has been loaded dynamically (C:\Users\chrib\.m2\repository\net\bytebuddy\byte-buddy-agent\1.14.16\byte-buddy-agent-1.14.16.jar)
WARNING: If a serviceability tool is in use, please run with -XX:+EnableDynamicAgentLoading to hide this warning
WARNING: If a serviceability tool is not in use, please run with -Djdk.instrument.traceUsage for more information
WARNING: Dynamic loading of agents will be disallowed by default in a future release
]]></system-err>
  </testcase>
  <testcase name="shouldReturnAllCoffees" classname="de.uni_bayreuth.se.demo.CoffeeControllerTest" time="0.007"/>
  <testcase name="shouldReturnCoffeeByName" classname="de.uni_bayreuth.se.demo.CoffeeControllerTest" time="0.019"/>
</testsuite>